2025-02-22 18:19:23,859 - INFO - Train dataset size: 2356
2025-02-22 18:19:23,860 - INFO - Validation dataset size: 294
2025-02-22 18:19:23,860 - INFO - Test dataset size: 296
2025-02-22 18:19:26,954 - INFO - Training model...
2025-02-22 18:19:26,956 - INFO - Epoch, Loss, Accuracy, Precision, Recall, F1
2025-02-22 18:25:42,493 - INFO - 1, 150.39630962062526, 0.5504119907678982, 0.44428605482646855, 0.5504119907678982, 0.44850229656810964
2025-02-22 18:31:58,712 - INFO - 2, 73.38523519361341, 0.7756719862724567, 0.7540443240303596, 0.7756719862724567, 0.7443964486078186
2025-02-22 18:38:15,351 - INFO - 3, 44.235886651116445, 0.8708437724429435, 0.8673867206187718, 0.8708437724429435, 0.86351827459392
2025-02-22 18:44:31,870 - INFO - 4, 30.31340111912908, 0.9137533099058699, 0.9120651766472788, 0.9137533099058699, 0.9117201596853804
2025-02-22 18:50:48,653 - INFO - 5, 22.619674759942132, 0.9362853399266475, 0.9364884409518571, 0.9362853399266475, 0.9354788440368648
2025-02-22 18:57:05,218 - INFO - 6, 17.38239488086185, 0.9509503473002681, 0.9509474658735031, 0.9509503473002681, 0.9507947349915629
2025-02-22 19:03:22,055 - INFO - 7, 13.808227809699806, 0.9622382912936456, 0.9623012243394614, 0.9622382912936456, 0.9622424062732106
2025-02-22 19:09:38,372 - INFO - 8, 11.945737606770283, 0.9686031786060842, 0.9686394471478723, 0.9686031786060842, 0.9685926019188239
2025-02-22 19:15:54,965 - INFO - 9, 9.95937569721325, 0.9734111081263329, 0.9734914941187601, 0.9734111081263329, 0.9734310680564745
2025-02-22 19:22:11,611 - INFO - 10, 8.037802573796865, 0.9782080731550873, 0.9782399694932914, 0.9782080731550873, 0.9782094442048445
2025-02-22 19:28:28,149 - INFO - 11, 7.266610580521661, 0.980757317427511, 0.9807970586828336, 0.980757317427511, 0.980764109019887
2025-02-22 19:34:45,115 - INFO - 12, 6.434384603758116, 0.9832627037339576, 0.9832786843013345, 0.9832627037339576, 0.9832628437418851
2025-02-22 19:41:01,903 - INFO - 13, 5.561018280080847, 0.985466566524311, 0.9854795398556652, 0.985466566524311, 0.9854676561533456
2025-02-22 19:47:18,944 - INFO - 14, 5.062529724997443, 0.9867329652919021, 0.9867423664128616, 0.9867329652919021, 0.9867334341455446
2025-02-22 19:53:34,895 - INFO - 15, 4.418838663681133, 0.9882022071521378, 0.9882067433035983, 0.9882022071521378, 0.9882015834545017
2025-02-22 19:59:51,179 - INFO - 16, 4.144805908203125, 0.9891780468951301, 0.9891783826056602, 0.9891780468951301, 0.989175857441329
2025-02-22 20:06:07,828 - INFO - 17, 3.826980015716037, 0.9897482004528335, 0.9897554948146258, 0.9897482004528335, 0.9897494493469947
2025-02-22 20:12:23,589 - INFO - 18, 3.3321165200826286, 0.9910749039236433, 0.9910818044340538, 0.9910749039236433, 0.9910768132488981
2025-02-22 20:18:40,230 - INFO - 19, 3.016759516419591, 0.9920452614208884, 0.9920529222167691, 0.9920452614208884, 0.9920467353055348
2025-02-22 20:24:56,045 - INFO - 20, 2.8283079967305467, 0.9924180541316945, 0.9924196550562709, 0.9924180541316945, 0.9924165688697032
2025-02-22 20:31:12,461 - INFO - 21, 2.986810471560504, 0.9924509476061774, 0.9924545416867663, 0.9924509476061774, 0.9924499282035074
2025-02-22 20:37:28,686 - INFO - 22, 2.571949451356321, 0.9928237403169834, 0.9928257009845817, 0.9928237403169834, 0.9928231853683566
2025-02-22 20:43:45,060 - INFO - 23, 2.3411060265592627, 0.9936460771790556, 0.9936534819534022, 0.9936460771790556, 0.9936475209123887
2025-02-22 20:50:01,483 - INFO - 24, 1.9786175795503564, 0.9943532868804377, 0.9943552614188277, 0.9943532868804377, 0.9943535706358172
2025-02-22 20:56:17,782 - INFO - 25, 1.761369451477721, 0.9953181621319357, 0.9953215537686886, 0.9953181621319357, 0.9953186993754369
2025-02-22 21:02:34,046 - INFO - 26, 1.8170110510813224, 0.9949179581923939, 0.9949208187853137, 0.9949179581923939, 0.9949181468924592
2025-02-22 21:08:51,117 - INFO - 27, 1.8808937950714215, 0.9953181621319357, 0.995320294012228, 0.9953181621319357, 0.9953174005361115
2025-02-22 21:15:07,901 - INFO - 28, 1.5792497936132792, 0.9957677062832019, 0.9957683374161987, 0.9957677062832019, 0.9957671022322268
2025-02-22 21:21:24,846 - INFO - 29, 1.6115564889199026, 0.995696437088489, 0.9956995720151247, 0.995696437088489, 0.9956966529705318
2025-02-22 21:27:41,179 - INFO - 30, 1.526375651359558, 0.9955374519618216, 0.9955401331979592, 0.9955374519618216, 0.995537692831575
2025-02-22 21:33:57,985 - INFO - 31, 2.132866056384267, 0.9948905469636582, 0.9948923885085748, 0.9948905469636582, 0.9948902530593307
2025-02-22 21:40:14,730 - INFO - 32, 2.202018145371128, 0.9948905469636582, 0.9948916770632873, 0.9948905469636582, 0.9948901002868334
2025-02-22 21:46:31,201 - INFO - 33, 1.994105651571944, 0.994550647727335, 0.9945579502423002, 0.994550647727335, 0.9945518694613629
2025-02-22 21:52:48,036 - INFO - 34, 1.561676510282465, 0.9957293305629719, 0.9957313399862506, 0.9957293305629719, 0.9957295289410591
2025-02-22 21:59:06,796 - INFO - 35, 1.8546350614444629, 0.99532912662343, 0.9953344595528905, 0.99532912662343, 0.9953301780485204
2025-02-22 22:05:23,252 - INFO - 36, 1.6724280803590208, 0.9955210052245802, 0.9955258371019657, 0.9955210052245802, 0.9955206035856992
2025-02-22 22:11:40,966 - INFO - 37, 1.2717421932800397, 0.9965187739505611, 0.9965208747966771, 0.9965187739505611, 0.9965188951045812
2025-02-22 22:17:58,280 - INFO - 38, 1.4118902763804875, 0.9963926822983767, 0.9963949369681778, 0.9963926822983767, 0.9963931285422573
2025-02-22 22:24:15,646 - INFO - 39, 1.4558078956765097, 0.9962775551376866, 0.9962793384312867, 0.9962775551376866, 0.9962773040680267
2025-02-22 22:30:33,037 - INFO - 40, 1.095041027342951, 0.9968970489071143, 0.9968992686906866, 0.9968970489071143, 0.9968972875888517
2025-02-22 22:36:50,294 - INFO - 41, 1.0204810387379415, 0.9973959332701048, 0.997396896403402, 0.9973959332701048, 0.9973959258509703
2025-02-22 22:43:07,384 - INFO - 42, 1.0205808418828088, 0.99692446013585, 0.9969262352563465, 0.99692446013585, 0.9969239940468114
2025-02-22 22:49:24,195 - INFO - 43, 0.9890040072637636, 0.9969025311528614, 0.9969046520000192, 0.9969025311528614, 0.9969029677261201
2025-02-22 22:55:41,612 - INFO - 44, 0.7505480769920994, 0.9977961372096465, 0.9977969304251233, 0.9977961372096465, 0.9977961886678494
2025-02-22 23:01:58,804 - INFO - 45, 0.7827637982932297, 0.9982073056406826, 0.9982080058522007, 0.9982073056406826, 0.9982072383679034
2025-02-22 23:08:15,702 - INFO - 46, 0.8783303456934722, 0.9974726847105648, 0.9974728140708099, 0.9974726847105648, 0.997472430571872
2025-02-22 23:14:33,226 - INFO - 47, 0.8843440630951444, 0.9977687259809108, 0.9977702570844122, 0.9977687259809108, 0.997769023367308
2025-02-22 23:20:49,808 - INFO - 48, 0.9455843956486599, 0.9975275071680363, 0.9975297290173855, 0.9975275071680363, 0.9975275453434295
2025-02-22 23:27:07,363 - INFO - 49, 0.8992246975367134, 0.9977139035234394, 0.9977146111779335, 0.9977139035234394, 0.9977139072890353
2025-02-22 23:33:25,086 - INFO - 50, 1.0616854107057727, 0.9976481165744736, 0.9976481014826344, 0.9976481165744736, 0.997647543674571
2025-02-22 23:39:42,192 - INFO - 51, 0.9930865120243382, 0.9974014155158519, 0.9974032420905679, 0.9974014155158519, 0.9974016926052391
2025-02-22 23:45:59,050 - INFO - 52, 0.8199609503955454, 0.9977358325064279, 0.9977377261795342, 0.9977358325064279, 0.997735955643579
2025-02-22 23:52:16,228 - INFO - 53, 0.9352583838878451, 0.9975055781850477, 0.9975062731959741, 0.9975055781850477, 0.9975054968281704
2025-02-22 23:58:34,001 - INFO - 54, 0.7147034996667424, 0.9984265954705686, 0.9984270565405517, 0.9984265954705686, 0.9984265501852628
2025-02-23 00:04:51,313 - INFO - 55, 0.6293659240410134, 0.9981524831832111, 0.998152946574165, 0.9981524831832111, 0.9981523221819283
2025-02-23 00:11:08,529 - INFO - 56, 0.7088557168639995, 0.9983224328013728, 0.9983238997532033, 0.9983224328013728, 0.9983228060432908
2025-02-23 00:17:25,341 - INFO - 57, 0.7497076082068521, 0.998223752377924, 0.998224632217103, 0.998223752377924, 0.9982238196767722
2025-02-23 00:23:42,503 - INFO - 58, 0.7215960694325937, 0.9980976607257397, 0.998098460226017, 0.9980976607257397, 0.9980975635513462
2025-02-23 00:29:59,493 - INFO - 59, 0.9700857414989859, 0.9975713651340135, 0.9975733691360634, 0.9975713651340135, 0.9975714573957046
2025-02-23 00:36:16,110 - INFO - 60, 0.6628871123130257, 0.9983333972928671, 0.9983335650685964, 0.9983333972928671, 0.9983331964379786
2025-02-23 00:42:33,276 - INFO - 61, 0.7909318379856445, 0.9983169505556256, 0.9983185075937087, 0.9983169505556256, 0.9983171813612353
2025-02-23 00:48:50,245 - INFO - 62, 0.6842771106072374, 0.9983005038183842, 0.9983012231971587, 0.9983005038183842, 0.998300379168329
2025-02-23 00:55:07,412 - INFO - 63, 0.5455781371408218, 0.9986568497919488, 0.998657515584569, 0.9986568497919488, 0.9986568862303391
2025-02-23 01:01:23,693 - INFO - 64, 0.5465535952432735, 0.9986787787749374, 0.9986794165885434, 0.9986787787749374, 0.9986788293924045
2025-02-23 01:07:40,697 - INFO - 65, 0.501235460711492, 0.9984211132248214, 0.9984215180906071, 0.9984211132248214, 0.9984209305099284
2025-02-23 01:13:57,821 - INFO - 66, 0.6639899147322049, 0.9985307581397643, 0.9985318226626295, 0.9985307581397643, 0.9985309878050261
2025-02-23 01:20:15,400 - INFO - 67, 0.9395713008738853, 0.9979057821245895, 0.9979073015537534, 0.9979057821245895, 0.9979058580127617
2025-02-23 01:26:32,536 - INFO - 68, 0.7877647048114119, 0.9979167466160838, 0.9979172956439469, 0.9979167466160838, 0.9979165597875105
2025-02-23 01:32:49,738 - INFO - 69, 0.8227256812356614, 0.9980209092852796, 0.9980215198694381, 0.9980209092852796, 0.9980207235649459
2025-02-23 01:39:07,481 - INFO - 70, 1.1388062168214772, 0.9973959332701048, 0.99739671007118, 0.9973959332701048, 0.9973957423089604
2025-02-23 01:45:24,535 - INFO - 71, 0.984696650021785, 0.9976590810659679, 0.9976600100891396, 0.9976590810659679, 0.9976591723048748
2025-02-23 01:51:41,464 - INFO - 72, 0.9734187021448806, 0.9975000959393006, 0.9975028241449692, 0.9975000959393006, 0.9975002366849854
2025-02-23 01:57:58,418 - INFO - 73, 0.7199467191019574, 0.9981634476747054, 0.998164759740006, 0.9981634476747054, 0.9981636306132711
2025-02-23 02:04:15,515 - INFO - 74, 0.6479793801098257, 0.9984759356822929, 0.9984774660660936, 0.9984759356822929, 0.9984761302098494
2025-02-23 02:10:32,211 - INFO - 75, 0.6878602309404193, 0.9983717730130971, 0.998372877171593, 0.9983717730130971, 0.9983718571105568
2025-02-23 02:16:49,307 - INFO - 76, 0.7054253208476144, 0.99848141792804, 0.9984824004727594, 0.99848141792804, 0.998481536042663
2025-02-23 02:23:06,350 - INFO - 77, 0.7446872875899881, 0.9980812139884983, 0.9980851270843311, 0.9980812139884983, 0.9980818045585952
2025-02-23 02:29:22,855 - INFO - 78, 0.7945153987085497, 0.9980373560225211, 0.9980406581493962, 0.9980373560225211, 0.9980379986857304
2025-02-23 02:35:40,320 - INFO - 79, 0.7317196444885151, 0.9984101487333271, 0.9984122613980108, 0.9984101487333271, 0.9984104732076481
2025-02-23 02:41:57,210 - INFO - 80, 0.96585920493345, 0.9981195897087283, 0.9981211449868761, 0.9981195897087283, 0.9981198033840137
2025-02-23 02:48:13,961 - INFO - 81, 0.7809304594993591, 0.9981195897087283, 0.9981216136928794, 0.9981195897087283, 0.9981199009186116
2025-02-23 02:54:31,179 - INFO - 82, 0.5437724315435499, 0.9986075095802245, 0.9986077336754613, 0.9986075095802245, 0.9986074456453161
2025-02-23 03:00:48,415 - INFO - 83, 0.3850689434723274, 0.998996749028272, 0.9989974149747453, 0.998996749028272, 0.9989967556451983
2025-02-23 03:07:05,350 - INFO - 84, 0.4657444114217887, 0.9986897432664317, 0.998691976638921, 0.9986897432664317, 0.9986901194965115
2025-02-23 03:13:22,109 - INFO - 85, 0.40497935281412023, 0.9986075095802245, 0.9986083704116206, 0.9986075095802245, 0.9986074871293906
2025-02-23 03:19:38,747 - INFO - 86, 0.4562351436832467, 0.998815834918616, 0.9988163840545996, 0.998815834918616, 0.9988157420946291
2025-02-23 03:25:56,806 - INFO - 87, 0.6420449065799648, 0.9987116722494203, 0.9987130653390107, 0.9987116722494203, 0.9987117285089511
2025-02-23 03:32:14,221 - INFO - 88, 0.542818392450745, 0.9985691338599945, 0.9985720780023908, 0.9985691338599945, 0.998569562679346
2025-02-23 03:38:31,093 - INFO - 89, 0.4444847312327978, 0.9987171544951674, 0.9987176991227467, 0.9987171544951674, 0.9987171758707831
2025-02-23 03:44:48,232 - INFO - 90, 0.5779429515572013, 0.9983827375045914, 0.9983827746896381, 0.9983827375045914, 0.9983824727633193
2025-02-23 03:51:05,708 - INFO - 91, 0.5454294980327422, 0.9986020273344773, 0.9986032714175619, 0.9986020273344773, 0.9986023523161632
2025-02-23 03:57:22,459 - INFO - 92, 0.573351539268687, 0.9987555302153974, 0.9987556646680269, 0.9987555302153974, 0.9987553716324239
2025-02-23 04:03:39,353 - INFO - 93, 0.6791131728001543, 0.9984485244535571, 0.9984498142746823, 0.9984485244535571, 0.9984486971159274
2025-02-23 04:09:56,346 - INFO - 94, 0.7790137082338333, 0.9983388795386142, 0.9983400236410188, 0.9983388795386142, 0.998338864989165
2025-02-23 04:16:13,425 - INFO - 95, 0.6143311475579804, 0.998700707757926, 0.9987015281997741, 0.998700707757926, 0.9987006230193163
2025-02-23 04:22:29,779 - INFO - 96, 0.4341880822101155, 0.9988377639016046, 0.9988390620329279, 0.9988377639016046, 0.9988378774174133
2025-02-23 04:28:47,029 - INFO - 97, 1.3144234725953758, 0.9971492322114831, 0.9971503395703067, 0.9971492322114831, 0.9971484093590756
2025-02-23 04:35:04,313 - INFO - 98, 1.124799547163216, 0.9978728886501066, 0.9978740308631966, 0.9978728886501066, 0.9978728502713228
2025-02-23 04:41:21,532 - INFO - 99, 0.8264056875093563, 0.997889335387348, 0.9978937446639646, 0.997889335387348, 0.9978903286891861
2025-02-23 04:47:38,942 - INFO - 100, 0.7169129728666834, 0.9984211132248214, 0.9984216583892362, 0.9984211132248214, 0.9984210896077345
2025-02-23 04:47:39,565 - INFO - Model saved after final epoch at ./saved_model\bert_bilstm_crf_focal_loss.pt
2025-02-23 04:47:39,571 - INFO - Evaluating on test set...
2025-02-23 04:47:42,757 - INFO - Test Set Evaluation - Accuracy: 0.8737618633179991, Precision: 0.8743825238761677, Recall: 0.8737618633179991, F1: 0.8732883400787861
2025-02-23 04:47:42,805 - INFO - 民 B-无人机类型
2025-02-23 04:47:42,805 - INFO - 用 I-无人机类型
2025-02-23 04:47:42,805 - INFO - 无 I-无人机类型
2025-02-23 04:47:42,805 - INFO - 人 I-无人机类型
2025-02-23 04:47:42,807 - INFO - 机 I-无人机类型
2025-02-23 04:47:42,807 - INFO - 大 B-特点
2025-02-23 04:47:42,807 - INFO - 范 O
2025-02-23 04:47:42,807 - INFO - 围 O
2025-02-23 04:47:42,807 - INFO - 使 I-动作
2025-02-23 04:47:42,807 - INFO - 用 I-动作
2025-02-23 04:47:42,807 - INFO - ， O
2025-02-23 04:47:42,807 - INFO - 其 O
2025-02-23 04:47:42,807 - INFO - 中 O
2025-02-23 04:47:42,807 - INFO - 包 O
2025-02-23 04:47:42,807 - INFO - 含 O
2025-02-23 04:47:42,807 - INFO - 了 O
2025-02-23 04:47:42,807 - INFO - 大 O
2025-02-23 04:47:42,807 - INFO - 量 O
2025-02-23 04:47:42,807 - INFO - 的 O
2025-02-23 04:47:42,807 - INFO - 传 B-传感器
2025-02-23 04:47:42,807 - INFO - 感 I-传感器
2025-02-23 04:47:42,807 - INFO - 器 I-传感器
2025-02-23 04:47:42,807 - INFO - ， O
2025-02-23 04:47:42,808 - INFO - 比 O
2025-02-23 04:47:42,808 - INFO - 如 O
2025-02-23 04:47:42,808 - INFO - 姿 B-传感器
2025-02-23 04:47:42,808 - INFO - 态 I-传感器
2025-02-23 04:47:42,808 - INFO - 传 I-传感器
2025-02-23 04:47:42,808 - INFO - 感 I-传感器
2025-02-23 04:47:42,808 - INFO - 器 I-传感器
2025-02-23 04:47:42,808 - INFO - 。 O
